/home/ulf/ros2_ws/install/py_pubsub/lib/python3.8/site-packages/py_pubsub/publisher_member_function.py
/home/ulf/ros2_ws/install/py_pubsub/lib/python3.8/site-packages/py_pubsub/subscriber_member_function.py
/home/ulf/ros2_ws/install/py_pubsub/lib/python3.8/site-packages/py_pubsub/__init__.py
/home/ulf/ros2_ws/install/py_pubsub/lib/python3.8/site-packages/py_pubsub/xml_path_function.py
/home/ulf/ros2_ws/install/py_pubsub/lib/python3.8/site-packages/py_pubsub/__pycache__/publisher_member_function.cpython-38.pyc
/home/ulf/ros2_ws/install/py_pubsub/lib/python3.8/site-packages/py_pubsub/__pycache__/subscriber_member_function.cpython-38.pyc
/home/ulf/ros2_ws/install/py_pubsub/lib/python3.8/site-packages/py_pubsub/__pycache__/__init__.cpython-38.pyc
/home/ulf/ros2_ws/install/py_pubsub/lib/python3.8/site-packages/py_pubsub/__pycache__/xml_path_function.cpython-38.pyc
/home/ulf/ros2_ws/install/py_pubsub/share/ament_index/resource_index/packages/py_pubsub
/home/ulf/ros2_ws/install/py_pubsub/share/py_pubsub/package.xml
/home/ulf/ros2_ws/install/py_pubsub/lib/python3.8/site-packages/py_pubsub-0.0.0-py3.8.egg-info/entry_points.txt
/home/ulf/ros2_ws/install/py_pubsub/lib/python3.8/site-packages/py_pubsub-0.0.0-py3.8.egg-info/dependency_links.txt
/home/ulf/ros2_ws/install/py_pubsub/lib/python3.8/site-packages/py_pubsub-0.0.0-py3.8.egg-info/SOURCES.txt
/home/ulf/ros2_ws/install/py_pubsub/lib/python3.8/site-packages/py_pubsub-0.0.0-py3.8.egg-info/top_level.txt
/home/ulf/ros2_ws/install/py_pubsub/lib/python3.8/site-packages/py_pubsub-0.0.0-py3.8.egg-info/PKG-INFO
/home/ulf/ros2_ws/install/py_pubsub/lib/python3.8/site-packages/py_pubsub-0.0.0-py3.8.egg-info/requires.txt
/home/ulf/ros2_ws/install/py_pubsub/lib/python3.8/site-packages/py_pubsub-0.0.0-py3.8.egg-info/zip-safe
/home/ulf/ros2_ws/install/py_pubsub/lib/py_pubsub/listener
/home/ulf/ros2_ws/install/py_pubsub/lib/py_pubsub/talker
/home/ulf/ros2_ws/install/py_pubsub/lib/py_pubsub/xmlParser
/home/ulf/ros2_ws/install/py_pubsub/lib/py_pubsub/xmlPath
